Build started 15/05/2018 9:19:51 CH.
     1>Project "C:\Users\user\Desktop\GameSDL\GameSDLDemo\GameSDLDemo\GameSDLDemo.vcxproj" on node 2 (Build target(s)).
     1>ClCompile:
         C:\Program Files (x86)\Microsoft Visual Studio 11.0\VC\bin\CL.exe /c /ZI /nologo /W3 /WX- /Od /Oy- /D WIN32 /D _DEBUG /D _CONSOLE /D _UNICODE /D UNICODE /Gm /EHsc /RTC1 /MDd /GS /fp:precise /Zc:wchar_t /Zc:forScope /Fo"Debug\\" /Fd"Debug\vc110.pdb" /Gd /TP /analyze- /errorReport:prompt main.cpp
         main.cpp
     1>c:\users\user\desktop\gamesdl\gamesdldemo\gamesdldemo\main.cpp(95): warning C4244: '=' : conversion from 'double' to 'int', possible loss of data
     1>c:\users\user\desktop\gamesdl\gamesdldemo\gamesdldemo\main.cpp(164): warning C4018: '<' : signed/unsigned mismatch
     1>c:\users\user\desktop\gamesdl\gamesdldemo\gamesdldemo\main.cpp(185): warning C4244: 'initializing' : conversion from 'double' to 'int', possible loss of data
     1>c:\users\user\desktop\gamesdl\gamesdldemo\gamesdldemo\main.cpp(186): warning C4244: 'initializing' : conversion from 'double' to 'int', possible loss of data
     1>c:\users\user\desktop\gamesdl\gamesdldemo\gamesdldemo\main.cpp(192): warning C4244: 'initializing' : conversion from 'double' to 'int', possible loss of data
     1>c:\users\user\desktop\gamesdl\gamesdldemo\gamesdldemo\main.cpp(193): warning C4244: 'initializing' : conversion from 'double' to 'int', possible loss of data
     1>c:\users\user\desktop\gamesdl\gamesdldemo\gamesdldemo\main.cpp(214): warning C4244: '=' : conversion from 'double' to 'int', possible loss of data
     1>c:\users\user\desktop\gamesdl\gamesdldemo\gamesdldemo\main.cpp(244): warning C4018: '<' : signed/unsigned mismatch
     1>c:\users\user\desktop\gamesdl\gamesdldemo\gamesdldemo\main.cpp(255): warning C4244: 'initializing' : conversion from 'double' to 'int', possible loss of data
     1>c:\users\user\desktop\gamesdl\gamesdldemo\gamesdldemo\main.cpp(256): warning C4244: 'initializing' : conversion from 'double' to 'int', possible loss of data
       Link:
         C:\Program Files (x86)\Microsoft Visual Studio 11.0\VC\bin\link.exe /ERRORREPORT:PROMPT /OUT:"C:\Users\user\Desktop\GameSDL\GameSDLDemo\Debug\GameSDLDemo.exe" /INCREMENTAL /NOLOGO SDL.lib SDLmain.lib SDL_image.lib SDL_mixer.lib SDL_ttf.lib kernel32.lib user32.lib gdi32.lib winspool.lib comdlg32.lib advapi32.lib shell32.lib ole32.lib oleaut32.lib uuid.lib odbc32.lib odbccp32.lib /MANIFEST /MANIFESTUAC:"level='asInvoker' uiAccess='false'" /manifest:embed /DEBUG /PDB:"C:\Users\user\Desktop\GameSDL\GameSDLDemo\Debug\GameSDLDemo.pdb" /SUBSYSTEM:WINDOWS /TLBID:1 /DYNAMICBASE /NXCOMPAT /IMPLIB:"C:\Users\user\Desktop\GameSDL\GameSDLDemo\Debug\GameSDLDemo.lib" /MACHINE:X86 Debug\AmoObject.obj
         Debug\BaseObject.obj
         Debug\Common_Function.obj
         Debug\ExObject.obj
         Debug\main.obj
         Debug\MainObject.obj
         Debug\PlayerPower.obj
         Debug\TextOb.obj
         Debug\ThreateObject.obj
         GameSDLDemo.vcxproj -> C:\Users\user\Desktop\GameSDL\GameSDLDemo\Debug\GameSDLDemo.exe
     1>Done Building Project "C:\Users\user\Desktop\GameSDL\GameSDLDemo\GameSDLDemo\GameSDLDemo.vcxproj" (Build target(s)).

Build succeeded.

Time Elapsed 00:00:10.43
